This is pdfTeX, Version 3.14159265-2.6-1.40.18 (TeX Live 2017) (preloaded format=pdflatex 2017.5.23)  30 JAN 2018 21:28
entering extended mode
 restricted \write18 enabled.
 %&-line parsing enabled.
**writeup.tex
(./writeup.tex
LaTeX2e <2017-04-15>
Babel <3.10> and hyphenation patterns for 84 language(s) loaded.
(/usr/local/texlive/2017/texmf-dist/tex/latex/base/article.cls
Document Class: article 2014/09/29 v1.4h Standard LaTeX document class
(/usr/local/texlive/2017/texmf-dist/tex/latex/base/size12.clo
File: size12.clo 2014/09/29 v1.4h Standard LaTeX file (size option)
)
\c@part=\count79
\c@section=\count80
\c@subsection=\count81
\c@subsubsection=\count82
\c@paragraph=\count83
\c@subparagraph=\count84
\c@figure=\count85
\c@table=\count86
\abovecaptionskip=\skip41
\belowcaptionskip=\skip42
\bibindent=\dimen102
)
(/usr/local/texlive/2017/texmf-dist/tex/latex/parskip/parskip.sty
Package: parskip 2001/04/09 non-zero parskip adjustments
)
(/usr/local/texlive/2017/texmf-dist/tex/latex/enumitem/enumitem.sty
Package: enumitem 2011/09/28 v3.5.2 Customized lists
\enitkv@toks@=\toks14
\labelindent=\skip43
\enit@outerparindent=\dimen103
\enit@toks=\toks15
\enit@inbox=\box26
\enitdp@description=\count87
)
(/usr/local/texlive/2017/texmf-dist/tex/latex/algorithm2e/algorithm2e.sty
Package: algorithm2e 2013/01/06 v5.00 algorithms environments
\c@AlgoLine=\count88

(/usr/local/texlive/2017/texmf-dist/tex/latex/base/ifthen.sty
Package: ifthen 2014/09/29 v1.1c Standard LaTeX ifthen package (DPC)
)
\algocf@hangindent=\skip44

(/usr/local/texlive/2017/texmf-dist/tex/latex/tools/xspace.sty
Package: xspace 2014/10/28 v1.13 Space after command names (DPC,MH)
)
(/usr/local/texlive/2017/texmf-dist/tex/latex/relsize/relsize.sty
Package: relsize 2013/03/29 ver 4.1
)
********************************************************
Package `algorithm2e' Release 5.1 -- october 19 2015 --
- algorithm2e-announce@lirmm.fr mailing list for announcement about releases
- algorithm2e-discussion@lirmm.fr mailing list for discussion about package
subscribe by emailing sympa@lirmm.fr with 'subscribe <list> <firstname name>'
- Author: Christophe Fiorio (christophe.fiorio@umontpellier.fr)
********************************************************
\skiptotal=\skip45
\skiplinenumber=\skip46
\skiprule=\skip47
\skiphlne=\skip48
\skiptext=\skip49
\skiplength=\skip50
\algomargin=\skip51
\skipalgocfslide=\skip52
\algowidth=\dimen104
\inoutsize=\dimen105
\inoutindent=\dimen106
\interspacetitleruled=\dimen107
\interspacealgoruled=\dimen108
\interspacetitleboxruled=\dimen109
\algocf@ruledwidth=\skip53
\algocf@inoutbox=\box27
\algocf@inputbox=\box28
\AlCapSkip=\skip54
\AlCapHSkip=\skip55
\algoskipindent=\skip56
\algocf@nlbox=\box29
\algocf@hangingbox=\box30
\algocf@untilbox=\box31
\algocf@skipuntil=\skip57
\algocf@capbox=\box32
\algoheightruledefault=\skip58
\algoheightrule=\skip59
\algotitleheightruledefault=\skip60
\algotitleheightrule=\skip61
\c@algocfline=\count89
\c@algocfproc=\count90
\c@algocf=\count91
\algocf@algoframe=\box33
\algocf@algobox=\box34
) (/usr/local/texlive/2017/texmf-dist/tex/latex/float/float.sty
Package: float 2001/11/08 v1.3d Float enhancements (AL)
\c@float@type=\count92
\float@exts=\toks16
\float@box=\box35
\@float@everytoks=\toks17
\@floatcapt=\box36
)
(/usr/local/texlive/2017/texmf-dist/tex/latex/graphics/graphicx.sty
Package: graphicx 2014/10/28 v1.0g Enhanced LaTeX Graphics (DPC,SPQR)

(/usr/local/texlive/2017/texmf-dist/tex/latex/graphics/keyval.sty
Package: keyval 2014/10/28 v1.15 key=value parser (DPC)
\KV@toks@=\toks18
)
(/usr/local/texlive/2017/texmf-dist/tex/latex/graphics/graphics.sty
Package: graphics 2017/04/14 v1.1b Standard LaTeX Graphics (DPC,SPQR)

(/usr/local/texlive/2017/texmf-dist/tex/latex/graphics/trig.sty
Package: trig 2016/01/03 v1.10 sin cos tan (DPC)
)
(/usr/local/texlive/2017/texmf-dist/tex/latex/graphics-cfg/graphics.cfg
File: graphics.cfg 2016/06/04 v1.11 sample graphics configuration
)
Package graphics Info: Driver file: pdftex.def on input line 99.

(/usr/local/texlive/2017/texmf-dist/tex/latex/graphics-def/pdftex.def
File: pdftex.def 2017/01/12 v0.06k Graphics/color for pdfTeX

(/usr/local/texlive/2017/texmf-dist/tex/generic/oberdiek/infwarerr.sty
Package: infwarerr 2016/05/16 v1.4 Providing info/warning/error messages (HO)
)
(/usr/local/texlive/2017/texmf-dist/tex/generic/oberdiek/ltxcmds.sty
Package: ltxcmds 2016/05/16 v1.23 LaTeX kernel commands for general use (HO)
)
\Gread@gobject=\count93
))
\Gin@req@height=\dimen110
\Gin@req@width=\dimen111
)
(/usr/local/texlive/2017/texmf-dist/tex/latex/url/url.sty
\Urlmuskip=\muskip10
Package: url 2013/09/16  ver 3.4  Verb mode for urls, etc.
)
(/usr/local/texlive/2017/texmf-dist/tex/latex/tools/array.sty
Package: array 2016/10/06 v2.4d Tabular extension package (FMi)
\col@sep=\dimen112
\extrarowheight=\dimen113
\NC@list=\toks19
\extratabsurround=\skip62
\backup@length=\skip63
)
(/usr/local/texlive/2017/texmf-dist/tex/latex/booktabs/booktabs.sty
Package: booktabs 2016/04/27 v1.618033 publication quality tables
\heavyrulewidth=\dimen114
\lightrulewidth=\dimen115
\cmidrulewidth=\dimen116
\belowrulesep=\dimen117
\belowbottomsep=\dimen118
\aboverulesep=\dimen119
\abovetopsep=\dimen120
\cmidrulesep=\dimen121
\cmidrulekern=\dimen122
\defaultaddspace=\dimen123
\@cmidla=\count94
\@cmidlb=\count95
\@aboverulesep=\dimen124
\@belowrulesep=\dimen125
\@thisruleclass=\count96
\@lastruleclass=\count97
\@thisrulewidth=\dimen126
)
(/usr/local/texlive/2017/texmf-dist/tex/generic/xstring/xstring.sty
(/usr/local/texlive/2017/texmf-dist/tex/generic/xstring/xstring.tex
\@xs@message=\write3
\integerpart=\count98
\decimalpart=\count99
)
Package: xstring 2013/10/13  v1.7c  String manipulations (C Tellechea)
)
(/usr/local/texlive/2017/texmf-dist/tex/latex/geometry/geometry.sty
Package: geometry 2010/09/12 v5.6 Page Geometry

(/usr/local/texlive/2017/texmf-dist/tex/generic/oberdiek/ifpdf.sty
Package: ifpdf 2017/03/15 v3.2 Provides the ifpdf switch
)
(/usr/local/texlive/2017/texmf-dist/tex/generic/oberdiek/ifvtex.sty
Package: ifvtex 2016/05/16 v1.6 Detect VTeX and its facilities (HO)
Package ifvtex Info: VTeX not detected.
)
(/usr/local/texlive/2017/texmf-dist/tex/generic/ifxetex/ifxetex.sty
Package: ifxetex 2010/09/12 v0.6 Provides ifxetex conditional
)
\Gm@cnth=\count100
\Gm@cntv=\count101
\c@Gm@tempcnt=\count102
\Gm@bindingoffset=\dimen127
\Gm@wd@mp=\dimen128
\Gm@odd@mp=\dimen129
\Gm@even@mp=\dimen130
\Gm@layoutwidth=\dimen131
\Gm@layoutheight=\dimen132
\Gm@layouthoffset=\dimen133
\Gm@layoutvoffset=\dimen134
\Gm@dimlist=\toks20
)
(./writeup.aux

LaTeX Warning: Label `q1-overlap80' multiply defined.


LaTeX Warning: Label `q3-mapper' multiply defined.


LaTeX Warning: Label `q3-bunny' multiply defined.


LaTeX Warning: Label `q6-first' multiply defined.


LaTeX Warning: Label `q7-spectral' multiply defined.

)
\openout1 = `writeup.aux'.

LaTeX Font Info:    Checking defaults for OML/cmm/m/it on input line 76.
LaTeX Font Info:    ... okay on input line 76.
LaTeX Font Info:    Checking defaults for T1/cmr/m/n on input line 76.
LaTeX Font Info:    ... okay on input line 76.
LaTeX Font Info:    Checking defaults for OT1/cmr/m/n on input line 76.
LaTeX Font Info:    ... okay on input line 76.
LaTeX Font Info:    Checking defaults for OMS/cmsy/m/n on input line 76.
LaTeX Font Info:    ... okay on input line 76.
LaTeX Font Info:    Checking defaults for OMX/cmex/m/n on input line 76.
LaTeX Font Info:    ... okay on input line 76.
LaTeX Font Info:    Checking defaults for U/cmr/m/n on input line 76.
LaTeX Font Info:    ... okay on input line 76.
 (/usr/local/texlive/2017/texmf-dist/tex/context/base/mkii/supp-pdf.mkii
[Loading MPS to PDF converter (version 2006.09.02).]
\scratchcounter=\count103
\scratchdimen=\dimen135
\scratchbox=\box37
\nofMPsegments=\count104
\nofMParguments=\count105
\everyMPshowfont=\toks21
\MPscratchCnt=\count106
\MPscratchDim=\dimen136
\MPnumerator=\count107
\makeMPintoPDFobject=\count108
\everyMPtoPDFconversion=\toks22
) (/usr/local/texlive/2017/texmf-dist/tex/generic/oberdiek/pdftexcmds.sty
Package: pdftexcmds 2017/03/19 v0.25 Utility functions of pdfTeX for LuaTeX (HO
)

(/usr/local/texlive/2017/texmf-dist/tex/generic/oberdiek/ifluatex.sty
Package: ifluatex 2016/05/16 v1.4 Provides the ifluatex switch (HO)
Package ifluatex Info: LuaTeX not detected.
)
Package pdftexcmds Info: LuaTeX not detected.
Package pdftexcmds Info: \pdf@primitive is available.
Package pdftexcmds Info: \pdf@ifprimitive is available.
Package pdftexcmds Info: \pdfdraftmode found.
)
(/usr/local/texlive/2017/texmf-dist/tex/latex/oberdiek/epstopdf-base.sty
Package: epstopdf-base 2016/05/15 v2.6 Base part for package epstopdf

(/usr/local/texlive/2017/texmf-dist/tex/latex/oberdiek/grfext.sty
Package: grfext 2016/05/16 v1.2 Manage graphics extensions (HO)

(/usr/local/texlive/2017/texmf-dist/tex/generic/oberdiek/kvdefinekeys.sty
Package: kvdefinekeys 2016/05/16 v1.4 Define keys (HO)
))
(/usr/local/texlive/2017/texmf-dist/tex/latex/oberdiek/kvoptions.sty
Package: kvoptions 2016/05/16 v3.12 Key value format for package options (HO)

(/usr/local/texlive/2017/texmf-dist/tex/generic/oberdiek/kvsetkeys.sty
Package: kvsetkeys 2016/05/16 v1.17 Key value parser (HO)

(/usr/local/texlive/2017/texmf-dist/tex/generic/oberdiek/etexcmds.sty
Package: etexcmds 2016/05/16 v1.6 Avoid name clashes with e-TeX commands (HO)
Package etexcmds Info: Could not find \expanded.
(etexcmds)             That can mean that you are not using pdfTeX 1.50 or
(etexcmds)             that some package has redefined \expanded.
(etexcmds)             In the latter case, load this package earlier.
)))
Package epstopdf-base Info: Redefining graphics rule for `.eps' on input line 4
38.
Package grfext Info: Graphics extension search list:
(grfext)             [.png,.pdf,.jpg,.mps,.jpeg,.jbig2,.jb2,.PNG,.PDF,.JPG,.JPE
G,.JBIG2,.JB2,.eps]
(grfext)             \AppendGraphicsExtensions on input line 456.

(/usr/local/texlive/2017/texmf-dist/tex/latex/latexconfig/epstopdf-sys.cfg
File: epstopdf-sys.cfg 2010/07/13 v1.3 Configuration of (r)epstopdf for TeX Liv
e
))
*geometry* driver: auto-detecting
*geometry* detected driver: pdftex
*geometry* verbose mode - [ preamble ] result:
* driver: pdftex
* paper: <default>
* layout: <same size as paper>
* layoutoffset:(h,v)=(0.0pt,0.0pt)
* modes: 
* h-part:(L,W,R)=(28.45274pt, 557.38951pt, 28.45274pt)
* v-part:(T,H,B)=(28.45274pt, 738.0645pt, 28.45274pt)
* \paperwidth=614.295pt
* \paperheight=794.96999pt
* \textwidth=557.38951pt
* \textheight=738.0645pt
* \oddsidemargin=-43.81725pt
* \evensidemargin=-43.81725pt
* \topmargin=-80.81725pt
* \headheight=12.0pt
* \headsep=25.0pt
* \topskip=12.0pt
* \footskip=30.0pt
* \marginparwidth=44.0pt
* \marginparsep=10.0pt
* \columnsep=10.0pt
* \skip\footins=10.8pt plus 4.0pt minus 2.0pt
* \hoffset=0.0pt
* \voffset=0.0pt
* \mag=1000
* \@twocolumnfalse
* \@twosidefalse
* \@mparswitchfalse
* \@reversemarginfalse
* (1in=72.27pt=25.4mm, 1cm=28.453pt)

LaTeX Font Info:    External font `cmex10' loaded for size
(Font)              <14.4> on input line 77.
LaTeX Font Info:    External font `cmex10' loaded for size
(Font)              <7> on input line 77.
<figures/q1-overlap20.png, id=1, 347.2975pt x 349.305pt>
File: figures/q1-overlap20.png Graphic file (type png)

<use figures/q1-overlap20.png>
Package pdftex.def Info: figures/q1-overlap20.png used on input line 82.
(pdftex.def)             Requested size: 139.34737pt x 140.15657pt.
LaTeX Font Info:    External font `cmex10' loaded for size
(Font)              <12> on input line 82.
LaTeX Font Info:    External font `cmex10' loaded for size
(Font)              <8> on input line 82.
LaTeX Font Info:    External font `cmex10' loaded for size
(Font)              <6> on input line 82.

<figures/q1-overlap80.png, id=3, 339.2675pt x 327.2225pt>
File: figures/q1-overlap80.png Graphic file (type png)

<use figures/q1-overlap80.png>
Package pdftex.def Info: figures/q1-overlap80.png used on input line 82.
(pdftex.def)             Requested size: 139.34737pt x 134.39676pt.
File: figures/q1-overlap80.png Graphic file (type png)
 <use figures/q1-overlap80.png>
Package pdftex.def Info: figures/q1-overlap80.png used on input line 88.
(pdftex.def)             Requested size: 139.34737pt x 134.39676pt.

<figures/q2-interval30.png, id=4, 473.77pt x 447.6725pt>
File: figures/q2-interval30.png Graphic file (type png)

<use figures/q2-interval30.png>
Package pdftex.def Info: figures/q2-interval30.png used on input line 88.
(pdftex.def)             Requested size: 139.34737pt x 131.66605pt.
 [1

{/usr/local/texlive/2017/texmf-var/fonts/map/pdftex/updmap/pdftex.map} <./figur
es/q1-overlap20.png> <./figures/q1-overlap80.png> <./figures/q2-interval30.png>
]
<figures/q3-mapper.png, id=16, 531.9875pt x 475.7775pt>
File: figures/q3-mapper.png Graphic file (type png)

<use figures/q3-mapper.png>
Package pdftex.def Info: figures/q3-mapper.png used on input line 94.
(pdftex.def)             Requested size: 139.34737pt x 124.62122pt.

<figures/q3-bunny.png, id=17, 462.528pt x 346.896pt>
File: figures/q3-bunny.png Graphic file (type png)

<use figures/q3-bunny.png>
Package pdftex.def Info: figures/q3-bunny.png used on input line 94.
(pdftex.def)             Requested size: 139.34737pt x 104.50893pt.
File: figures/q3-mapper.png Graphic file (type png)
 <use figures/q3-mapper.png>
Package pdftex.def Info: figures/q3-mapper.png used on input line 100.
(pdftex.def)             Requested size: 139.34737pt x 124.62122pt.

<figures/q4-lens.png, id=18, 332.24126pt x 259.97125pt>
File: figures/q4-lens.png Graphic file (type png)

<use figures/q4-lens.png>
Package pdftex.def Info: figures/q4-lens.png used on input line 100.
(pdftex.def)             Requested size: 139.34737pt x 109.03644pt.
File: figures/q3-bunny.png Graphic file (type png)
 <use figures/q3-bunny.png>
Package pdftex.def Info: figures/q3-bunny.png used on input line 106.
(pdftex.def)             Requested size: 139.34737pt x 104.50893pt.

<figures/q5-kmeans.png, id=19, 455.7025pt x 415.5525pt>
File: figures/q5-kmeans.png Graphic file (type png)

<use figures/q5-kmeans.png>
Package pdftex.def Info: figures/q5-kmeans.png used on input line 106.
(pdftex.def)             Requested size: 139.34737pt x 127.06987pt.
 [2 <./figures/q3-mapper.png> <./figures/q3-bunny.png> <./figures/q4-lens.png>]

<figures/q6-first.png, id=28, 660.4675pt x 629.35126pt>
File: figures/q6-first.png Graphic file (type png)

<use figures/q6-first.png>
Package pdftex.def Info: figures/q6-first.png used on input line 112.
(pdftex.def)             Requested size: 139.34737pt x 132.78226pt.

<figures/q6-second.png, id=29, 682.55pt x 622.325pt>
File: figures/q6-second.png Graphic file (type png)

<use figures/q6-second.png>
Package pdftex.def Info: figures/q6-second.png used on input line 112.
(pdftex.def)             Requested size: 139.34737pt x 127.04567pt.

<figures/q6-tsne.png, id=30, 854.19125pt x 372.39125pt>
File: figures/q6-tsne.png Graphic file (type png)

<use figures/q6-tsne.png>
Package pdftex.def Info: figures/q6-tsne.png used on input line 116.
(pdftex.def)             Requested size: 298.97142pt x 130.33888pt.
File: figures/q6-first.png Graphic file (type png)
 <use figures/q6-first.png>
Package pdftex.def Info: figures/q6-first.png used on input line 123.
(pdftex.def)             Requested size: 139.34737pt x 132.78226pt.

<figures/q7-spectral.png, id=31, 580.1675pt x 547.04375pt>
File: figures/q7-spectral.png Graphic file (type png)

<use figures/q7-spectral.png>
Package pdftex.def Info: figures/q7-spectral.png used on input line 123.
(pdftex.def)             Requested size: 139.34737pt x 131.39334pt.
 [3 <./figures/q5-kmeans.png> <./figures/q6-first.png> <./figures/q6-second.png
> <./figures/q6-tsne.png>]
File: figures/q7-spectral.png Graphic file (type png)

<use figures/q7-spectral.png>
Package pdftex.def Info: figures/q7-spectral.png used on input line 129.
(pdftex.def)             Requested size: 139.34737pt x 131.39334pt.

<figures/q8-spectral3.png, id=42, 514.92375pt x 513.92pt>
File: figures/q8-spectral3.png Graphic file (type png)

<use figures/q8-spectral3.png>
Package pdftex.def Info: figures/q8-spectral3.png used on input line 129.
(pdftex.def)             Requested size: 139.34737pt x 139.07391pt.
LaTeX Font Info:    External font `cmex10' loaded for size
(Font)              <5> on input line 137.
 [4 <./figures/q7-spectral.png> <./figures/q8-spectral3.png>]
LaTeX Font Info:    Try loading font information for OMS+cmr on input line 141.

 (/usr/local/texlive/2017/texmf-dist/tex/latex/base/omscmr.fd
File: omscmr.fd 2014/09/29 v2.5h Standard LaTeX font definitions
)
LaTeX Font Info:    Font shape `OMS/cmr/m/n' in size <12> not available
(Font)              Font shape `OMS/cmsy/m/n' tried instead on input line 141.

[5] <figures/mydata1.png, id=53, 377.41pt x 370.38374pt>
File: figures/mydata1.png Graphic file (type png)

<use figures/mydata1.png>
Package pdftex.def Info: figures/mydata1.png used on input line 193.
(pdftex.def)             Requested size: 181.15474pt x 177.78217pt.
 <figures/mydata2.png, id=54, 570.13pt x 590.205pt>
File: figures/mydata2.png Graphic file (type png)

<use figures/mydata2.png>
Package pdftex.def Info: figures/mydata2.png used on input line 193.
(pdftex.def)             Requested size: 171.04031pt x 177.06287pt.
 <figures/mydata3.png, id=55, 505.89pt x 469.755pt>
File: figures/mydata3.png Graphic file (type png)

<use figures/mydata3.png>
Package pdftex.def Info: figures/mydata3.png used on input line 202.
(pdftex.def)             Requested size: 202.3524pt x 187.89867pt.

<figures/mydata4.png, id=56, 699.61375pt x 667.49374pt>
File: figures/mydata4.png Graphic file (type png)

<use figures/mydata4.png>
Package pdftex.def Info: figures/mydata4.png used on input line 202.
(pdftex.def)             Requested size: 195.89052pt x 186.89697pt.
 [6 <./figures/mydata1.png> <./figures/mydata2.png> <./figures/mydata3.png> <./
figures/mydata4.png>] (./writeup.aux)

LaTeX Warning: There were multiply-defined labels.

 )
(\end occurred inside a group at level 1)

### simple group (level 1) entered at line 1061 ({)
### bottom level 
Here is how much of TeX's memory you used:
 3826 strings out of 492995
 58091 string characters out of 6132704
 142302 words of memory out of 5000000
 7316 multiletter control sequences out of 15000+600000
 8717 words of font info for 31 fonts, out of 8000000 for 9000
 1141 hyphenation exceptions out of 8191
 39i,12n,32p,677b,3286s stack positions out of 5000i,500n,10000p,200000b,80000s
</usr/local/texlive/2017/texmf-dist/fonts/type1/public/amsfonts
/cm/cmbx12.pfb></usr/local/texlive/2017/texmf-dist/fonts/type1/public/amsfonts/
cm/cmmi12.pfb></usr/local/texlive/2017/texmf-dist/fonts/type1/public/amsfonts/c
m/cmr12.pfb></usr/local/texlive/2017/texmf-dist/fonts/type1/public/amsfonts/cm/
cmr17.pfb></usr/local/texlive/2017/texmf-dist/fonts/type1/public/amsfonts/cm/cm
r7.pfb></usr/local/texlive/2017/texmf-dist/fonts/type1/public/amsfonts/cm/cmr8.
pfb></usr/local/texlive/2017/texmf-dist/fonts/type1/public/amsfonts/cm/cmsy10.p
fb></usr/local/texlive/2017/texmf-dist/fonts/type1/public/amsfonts/cm/cmsy8.pfb
></usr/local/texlive/2017/texmf-dist/fonts/type1/public/amsfonts/cm/cmti12.pfb>
</usr/local/texlive/2017/texmf-dist/fonts/type1/public/amsfonts/cm/cmtt10.pfb>
Output written on writeup.pdf (6 pages, 4880551 bytes).
PDF statistics:
 96 PDF objects out of 1000 (max. 8388607)
 45 compressed objects within 1 object stream
 0 named destinations out of 1000 (max. 500000)
 81 words of extra memory for PDF output out of 10000 (max. 10000000)

